TN:
SF:src/IRM/FixedBorrowRateIRM.sol
FNL:0,44
FNA:0,295,FixedBorrowRateIRM.constructor
FNL:1,49
FNA:1,251,FixedBorrowRateIRM.borrowRate
FNL:2,56
FNA:2,229,FixedBorrowRateIRM.setRate
FNF:3
FNH:3
BRDA:59,0,0,229
BRDA:59,0,1,-
BRF:2
BRH:1
DA:44,295
DA:45,295
DA:49,251
DA:50,251
DA:56,229
DA:57,229
DA:59,229
DA:63,229
DA:65,229
DA:67,229
LF:10
LH:10
end_of_record
TN:
SF:src/IRM/LinearKinkIRM.sol
FNL:0,106
FNA:0,6,LinearKinkIRM.getUtilization
FNL:1,126
FNA:1,6,LinearKinkIRM._calculateBorrowRate
FNL:2,68
FNA:2,9,LinearKinkIRM.constructor
FNL:3,73
FNA:3,0,LinearKinkIRM.borrowRate
FNL:4,78
FNA:4,6,LinearKinkIRM.borrowRateView
FNL:5,85
FNA:5,8,LinearKinkIRM.setParams
FNF:6
FNH:5
BRDA:88,0,0,8
BRDA:88,0,1,-
BRDA:89,1,0,-
BRDA:89,1,1,-
BRDA:109,2,0,2
BRDA:130,3,0,1
BRDA:136,4,0,3
BRDA:136,4,1,2
BRF:8
BRH:5
DA:68,9
DA:69,9
DA:73,0
DA:74,0
DA:78,6
DA:79,6
DA:85,8
DA:86,8
DA:88,8
DA:89,8
DA:95,8
DA:98,8
DA:100,8
DA:106,6
DA:107,6
DA:109,6
DA:110,2
DA:114,4
DA:126,6
DA:127,6
DA:130,6
DA:131,1
DA:134,5
DA:136,5
DA:138,3
DA:140,3
DA:143,2
DA:144,2
DA:146,2
LF:29
LH:27
end_of_record
TN:
SF:src/Office.sol
FNL:0,106
FNA:0,486,Office.supply
FNL:1,131
FNA:1,15,Office.switchCollateral
FNL:2,177
FNA:2,30,Office.withdraw
FNL:3,212
FNA:3,104,Office.borrow
FNL:4,256
FNA:4,17,Office.repay
FNL:5,348
FNA:5,16,Office.liquidate
FNL:6,480
FNA:6,26,Office.migrateSupply
FNL:7,536
FNA:7,6,Office.donateToReserve
FNL:8,552
FNA:8,5,Office.flashloan
FNL:9,563
FNA:9,268,Office.accrueInterest
FNL:10,572
FNA:10,197,Office.isHealthyAccount
FNL:11,643
FNA:11,511,Office._supply
FNL:12,677
FNA:12,93,Office._withdraw
FNL:13,71
FNA:13,293,Office.createMarket
FNL:14,735
FNA:14,996,Office._accrueInterest
FNL:15,786
FNA:15,924,Office._update
FNL:16,82
FNA:16,26,Office.delegationCall
FNL:17,825
FNA:17,184,Office._checkHealth
FNF:18
FNH:18
BRDA:91,0,0,15
BRDA:96,1,0,-
BRDA:96,1,1,-
BRDA:117,2,0,483
BRDA:117,2,1,-
BRDA:225,3,0,98
BRDA:225,3,1,-
BRDA:239,4,0,-
BRDA:239,4,1,-
BRDA:262,5,0,-
BRDA:262,5,1,-
BRDA:286,6,0,3
BRDA:286,6,1,1
BRDA:294,7,0,1
BRDA:311,8,0,5
BRDA:311,8,1,3
BRDA:312,9,0,5
BRDA:312,9,1,4
BRDA:361,10,0,-
BRDA:361,10,1,-
BRDA:364,11,0,-
BRDA:364,11,1,-
BRDA:390,12,0,11
BRDA:404,13,0,10
BRDA:404,13,1,2
BRDA:447,14,0,3
BRDA:459,15,0,1
BRDA:501,16,0,24
BRDA:501,16,1,-
BRDA:541,17,0,-
BRDA:541,17,1,-
BRDA:579,18,0,55
BRDA:609,19,0,130
BRDA:609,19,1,131
BRDA:630,20,0,109
BRDA:655,21,0,-
BRDA:655,21,1,-
BRDA:660,22,0,323
BRDA:660,22,1,188
BRDA:688,23,0,-
BRDA:688,23,1,-
BRDA:691,24,0,-
BRDA:691,24,1,-
BRDA:698,25,0,52
BRDA:698,25,1,30
BRDA:702,26,0,15
BRDA:702,26,1,37
BRDA:713,27,0,-
BRDA:713,27,1,-
BRDA:718,28,0,8
BRDA:718,28,1,30
BRDA:729,29,0,86
BRDA:729,29,1,86
BRDA:741,30,0,745
BRDA:762,31,0,5
BRDA:771,32,0,5
BRDA:797,33,0,50
BRDA:798,34,0,47
BRDA:802,35,0,47
BRDA:802,35,1,-
BRDA:810,36,0,36
BRDA:810,36,1,9
BRDA:826,37,0,27
BRDA:826,37,1,157
BRDA:830,38,0,-
BRDA:830,38,1,-
BRF:66
BRH:40
DA:71,293
DA:73,293
DA:75,293
DA:76,293
DA:78,293
DA:82,26
DA:87,25
DA:91,15
DA:92,15
DA:94,15
DA:95,19
DA:96,19
DA:106,486
DA:107,486
DA:108,486
DA:109,486
DA:110,486
DA:111,485
DA:112,485
DA:114,485
DA:117,485
DA:120,483
DA:123,482
DA:125,483
DA:127,483
DA:131,15
DA:136,15
DA:137,15
DA:138,15
DA:140,15
DA:145,15
DA:146,15
DA:156,10
DA:163,10
DA:167,10
DA:177,30
DA:182,26
DA:183,26
DA:184,26
DA:186,26
DA:188,26
DA:189,26
DA:199,23
DA:202,19
DA:204,19
DA:206,19
DA:212,104
DA:217,102
DA:218,102
DA:219,102
DA:220,102
DA:221,102
DA:223,102
DA:225,98
DA:229,96
DA:233,96
DA:235,96
DA:236,96
DA:239,96
DA:241,95
DA:245,94
DA:248,93
DA:250,93
DA:252,93
DA:256,17
DA:262,16
DA:267,15
DA:268,15
DA:269,15
DA:270,15
DA:272,15
DA:276,15
DA:279,15
DA:281,15
DA:282,15
DA:283,15
DA:286,15
DA:287,3
DA:289,3
DA:290,3
DA:294,3
DA:295,1
DA:296,1
DA:300,12
DA:301,12
DA:304,3
DA:306,3
DA:311,3
DA:312,5
DA:317,5
DA:332,5
DA:337,10
DA:340,3
DA:342,3
DA:348,16
DA:349,16
DA:350,16
DA:351,16
DA:352,16
DA:354,16
DA:356,16
DA:361,16
DA:364,15
DA:368,14
DA:370,14
DA:372,14
DA:373,25
DA:375,25
DA:383,23
DA:387,23
DA:390,23
DA:392,11
DA:394,11
DA:399,12
DA:400,12
DA:404,12
DA:414,10
DA:420,2
DA:422,2
DA:429,12
DA:430,12
DA:431,12
DA:433,12
DA:434,12
DA:436,12
DA:437,12
DA:439,12
DA:443,12
DA:445,12
DA:446,3
DA:447,3
DA:448,3
DA:450,3
DA:451,3
DA:453,3
DA:459,12
DA:460,1
DA:464,12
DA:466,12
DA:468,12
DA:480,26
DA:485,26
DA:486,26
DA:487,26
DA:488,26
DA:489,26
DA:490,26
DA:491,26
DA:493,26
DA:496,26
DA:501,26
DA:504,23
DA:505,23
DA:512,19
DA:518,19
DA:520,18
DA:523,18
DA:525,18
DA:536,6
DA:537,5
DA:541,5
DA:543,5
DA:546,3
DA:548,5
DA:552,5
DA:553,5
DA:555,3
DA:557,3
DA:559,1
DA:563,268
DA:564,268
DA:572,197
DA:573,197
DA:574,197
DA:575,197
DA:576,197
DA:579,197
DA:580,55
DA:583,142
DA:586,142
DA:589,142
DA:590,142
DA:592,142
DA:597,142
DA:598,142
DA:599,142
DA:602,142
DA:603,261
DA:608,261
DA:609,261
DA:610,130
DA:612,131
DA:618,261
DA:630,261
DA:631,109
DA:643,511
DA:652,511
DA:655,511
DA:657,511
DA:660,511
DA:661,323
DA:663,323
DA:664,323
DA:666,188
DA:669,323
DA:677,93
DA:688,93
DA:691,93
DA:693,90
DA:696,90
DA:698,90
DA:699,52
DA:702,52
DA:703,15
DA:704,15
DA:706,37
DA:707,37
DA:710,52
DA:713,15
DA:718,38
DA:719,8
DA:721,30
DA:722,30
DA:729,15
DA:731,15
DA:735,996
DA:736,996
DA:737,996
DA:738,996
DA:741,996
DA:742,745
DA:748,251
DA:749,251
DA:750,251
DA:751,251
DA:753,251
DA:756,251
DA:757,251
DA:758,251
DA:762,251
DA:763,5
DA:764,5
DA:769,5
DA:771,5
DA:772,5
DA:774,5
DA:786,924
DA:787,924
DA:789,911
DA:795,911
DA:797,50
DA:798,50
DA:799,47
DA:802,47
DA:810,45
DA:811,36
DA:816,9
DA:817,9
DA:825,184
DA:826,184
DA:827,27
DA:828,27
DA:830,157
LF:263
LH:263
end_of_record
TN:
SF:src/abstracts/Registry.sol
FNL:0,101
FNA:0,8,Registry.transferFrom.0
FNL:1,119
FNA:1,1,Registry.setOperator.0
FNL:2,130
FNA:2,20,Registry.balanceOf.0
FNL:3,135
FNA:3,910,Registry.totalSupply
FNL:4,142
FNA:4,6,Registry.allowance.0
FNL:5,150
FNA:5,0,Registry.isOperator.0
FNL:6,155
FNA:6,0,Registry.supportsInterface
FNL:7,164
FNA:7,135,Registry.createIsolatedAccount
FNL:8,182
FNA:8,24,Registry.approve.1
FNL:9,202
FNA:9,72,Registry.transferFrom.1
FNL:10,234
FNA:10,61,Registry.setOperator.1
FNL:11,250
FNA:11,745,Registry._mint
FNL:12,263
FNA:12,63,Registry._transfer
FNL:13,275
FNA:13,116,Registry._burn
FNL:14,286
FNA:14,924,Registry._update
FNL:15,397
FNA:15,20,Registry._approve
FNL:16,425
FNA:16,60,Registry._setOperator
FNL:17,439
FNA:17,15,Registry._spendAllowance
FNL:18,472
FNA:18,220,Registry.isAuthorizedCaller
FNL:19,477
FNA:19,792,Registry.ownerOf
FNL:20,490
FNA:20,143,Registry.isOperator.1
FNL:21,504
FNA:21,1424,Registry.balanceOf.1
FNL:22,511
FNA:22,28,Registry.allowance.1
FNL:23,528
FNA:23,0,Registry.getDebtId.0
FNL:24,533
FNA:24,248,Registry.getDebtId.1
FNL:25,540
FNA:25,4,Registry.getAllCollateralIds.0
FNL:26,545
FNA:26,204,Registry.getAllCollateralIds.1
FNL:27,559
FNA:27,220,Registry._verifyCallerAuthorization
FNL:28,64
FNA:28,26,Registry.onlyAuthorizedCaller
FNL:29,74
FNA:29,10,Registry.approve.0
FNL:30,90
FNA:30,9,Registry.transfer
FNF:31
FNH:28
BRDA:167,0,0,-
BRDA:167,0,1,-
BRDA:195,1,0,-
BRDA:195,1,1,-
BRDA:223,2,0,19
BRDA:238,3,0,-
BRDA:238,3,1,-
BRDA:251,4,0,-
BRDA:251,4,1,-
BRDA:264,5,0,63
BRDA:264,5,1,63
BRDA:276,6,0,-
BRDA:276,6,1,-
BRDA:299,7,0,4
BRDA:303,8,0,175
BRDA:307,9,0,-
BRDA:307,9,1,-
BRDA:311,10,0,82
BRDA:312,11,0,58
BRDA:312,11,1,17
BRDA:318,12,0,-
BRDA:318,12,1,-
BRDA:319,13,0,17
BRDA:332,14,0,109
BRDA:340,15,0,799
BRDA:341,16,0,105
BRDA:341,16,1,141
BRDA:346,17,0,97
BRDA:346,17,1,1
BRDA:348,18,0,1
BRDA:353,19,0,553
BRDA:353,19,1,141
BRDA:362,20,0,141
BRDA:375,21,0,744
BRDA:409,22,0,20
BRDA:409,22,1,20
BRDA:428,23,0,60
BRDA:428,23,1,60
BRDA:453,24,0,12
BRDA:454,25,0,-
BRDA:454,25,1,-
BRDA:484,26,0,-
BRDA:484,26,1,-
BRDA:560,27,0,-
BRDA:560,27,1,-
BRF:45
BRH:25
DA:64,26
DA:65,26
DA:74,10
DA:80,10
DA:82,10
DA:86,10
DA:90,9
DA:91,9
DA:93,9
DA:97,6
DA:101,8
DA:111,8
DA:115,8
DA:119,1
DA:120,1
DA:122,1
DA:124,1
DA:126,1
DA:130,20
DA:131,20
DA:135,910
DA:136,910
DA:138,910
DA:142,6
DA:143,6
DA:144,6
DA:146,6
DA:150,0
DA:151,0
DA:155,0
DA:156,0
DA:164,135
DA:165,135
DA:167,135
DA:170,134
DA:171,134
DA:172,134
DA:176,134
DA:178,134
DA:182,24
DA:192,24
DA:193,24
DA:195,24
DA:197,24
DA:198,20
DA:202,72
DA:212,72
DA:213,72
DA:214,72
DA:221,72
DA:223,19
DA:224,19
DA:229,72
DA:230,52
DA:234,61
DA:235,61
DA:236,61
DA:238,61
DA:240,61
DA:241,57
DA:250,745
DA:251,745
DA:253,745
DA:263,63
DA:264,63
DA:266,63
DA:275,116
DA:276,116
DA:278,116
DA:286,924
DA:287,924
DA:288,924
DA:289,924
DA:290,924
DA:293,924
DA:299,924
DA:300,4
DA:303,920
DA:304,175
DA:305,175
DA:307,175
DA:309,175
DA:311,163
DA:312,58
DA:316,58
DA:318,58
DA:319,24
DA:328,175
DA:332,163
DA:335,109
DA:340,908
DA:341,799
DA:342,105
DA:343,105
DA:346,105
DA:347,97
DA:348,8
DA:351,1
DA:353,553
DA:354,553
DA:359,553
DA:361,553
DA:362,141
DA:369,141
DA:372,97
DA:375,97
DA:376,744
DA:397,20
DA:407,20
DA:409,20
DA:411,20
DA:413,20
DA:425,60
DA:426,60
DA:428,60
DA:430,60
DA:432,60
DA:439,15
DA:450,15
DA:451,15
DA:453,15
DA:454,12
DA:462,12
DA:472,220
DA:473,220
DA:477,792
DA:478,792
DA:482,792
DA:484,379
DA:486,0
DA:490,143
DA:491,143
DA:492,143
DA:494,143
DA:504,1424
DA:505,1424
DA:507,1424
DA:511,28
DA:522,28
DA:524,28
DA:528,0
DA:529,0
DA:533,248
DA:534,248
DA:536,248
DA:540,4
DA:541,4
DA:545,204
DA:553,204
DA:555,204
DA:559,220
DA:560,220
LF:152
LH:145
end_of_record
TN:
SF:src/abstracts/storages/Context.sol
FNL:0,32
FNA:0,26,Context.useContext
FNL:1,45
FNA:1,324,Context.isOngoingDelegationCall
FNL:2,54
FNA:2,26,Context._setContext
FNL:3,65
FNA:3,11,Context._deleteContext
FNF:4
FNH:4
BRDA:55,0,0,1
BRF:1
BRH:1
DA:32,26
DA:33,26
DA:35,0
DA:37,11
DA:45,324
DA:46,324
DA:54,26
DA:55,26
DA:56,1
DA:59,25
DA:60,25
DA:65,11
LF:12
LH:11
end_of_record
TN:
SF:src/abstracts/storages/OfficeStorage.sol
FNL:0,106
FNA:0,544,OfficeStorage.getOfficer
FNL:1,113
FNA:1,353,OfficeStorage.getReserveData
FNL:2,121
FNA:2,293,OfficeStorage._setMarketConfig
FNL:3,131
FNA:3,293,OfficeStorage._setOfficer
FNL:4,138
FNA:4,6,OfficeStorage._verifyOfficer
FNL:5,68
FNA:5,0,OfficeStorage.onlyOfficer
FNL:6,80
FNA:6,0,OfficeStorage.setMarketConfig
FNL:7,88
FNA:7,0,OfficeStorage.changeOfficer
FNL:8,99
FNA:8,1541,OfficeStorage.getMarketConfig
FNF:9
FNH:6
BRDA:124,0,0,-
BRDA:124,0,1,-
BRDA:139,1,0,-
BRDA:139,1,1,-
BRF:4
BRH:0
DA:68,0
DA:69,0
DA:80,0
DA:81,0
DA:88,0
DA:89,0
DA:99,1541
DA:100,1541
DA:106,544
DA:107,544
DA:113,353
DA:114,353
DA:121,293
DA:122,293
DA:124,293
DA:126,293
DA:128,293
DA:131,293
DA:132,293
DA:133,293
DA:135,293
DA:138,6
DA:139,6
LF:23
LH:17
end_of_record
TN:
SF:src/abstracts/storages/TransientEnumerableHashTableStorage.sol
FNL:0,114
FNA:0,27,TransientEnumerableHashTableStorage.__encodeAccountMarket
FNL:1,142
FNA:1,19,TransientEnumerableHashTableStorage.__decodeAccountMarket
FNL:2,41
FNA:2,27,TransientEnumerableHashTableStorage._insert
FNL:3,66
FNA:3,19,TransientEnumerableHashTableStorage._get
FNL:4,81
FNA:4,15,TransientEnumerableHashTableStorage._getLength
FNL:5,89
FNA:5,21,TransientEnumerableHashTableStorage.__addToHashTable
FNL:6,99
FNA:6,27,TransientEnumerableHashTableStorage.__isDuplicate
FNF:7
FNH:7
BRDA:42,0,0,-
BRDA:42,0,1,-
BRDA:47,1,0,6
BRDA:67,2,0,-
BRDA:67,2,1,-
BRDA:120,3,0,20
BRDA:120,3,1,7
BRDA:150,4,0,12
BRDA:150,4,1,7
BRF:9
BRH:5
DA:41,27
DA:42,27
DA:44,27
DA:47,27
DA:48,6
DA:51,21
DA:52,21
DA:54,0
DA:57,21
DA:59,21
DA:66,19
DA:67,19
DA:69,19
DA:70,19
DA:73,0
DA:76,19
DA:81,15
DA:82,15
DA:89,21
DA:91,0
DA:99,27
DA:102,0
DA:114,27
DA:115,27
DA:116,27
DA:118,27
DA:120,20
DA:124,20
DA:127,20
DA:131,7
DA:134,7
DA:142,19
DA:144,19
DA:145,19
DA:148,19
DA:150,12
DA:152,12
DA:154,12
DA:157,7
DA:159,7
LF:40
LH:36
end_of_record
TN:
SF:src/extensions/delegatees/AccountSplitterAndMerger.sol
FNL:0,104
FNA:0,10,AccountSplitterAndMerger.constructor
FNL:1,120
FNA:1,10,AccountSplitterAndMerger.onDelegationCallback
FNL:2,141
FNA:2,4,AccountSplitterAndMerger._splitAccount
FNL:3,174
FNA:3,5,AccountSplitterAndMerger._mergeAccounts
FNL:4,197
FNA:4,7,AccountSplitterAndMerger.__transferAssetsAndDebt
FNF:5
FNH:5
BRDA:105,0,0,-
BRDA:105,0,1,-
BRDA:121,1,0,-
BRDA:121,1,1,-
BRDA:126,2,0,4
BRDA:126,2,1,-
BRDA:132,3,0,5
BRDA:132,3,1,-
BRDA:143,4,0,4
BRDA:143,4,1,4
BRDA:176,5,0,5
BRDA:176,5,1,5
BRF:12
BRH:6
DA:104,10
DA:105,10
DA:107,10
DA:120,10
DA:121,10
DA:124,10
DA:126,9
DA:127,4
DA:129,4
DA:131,2
DA:132,5
DA:133,5
DA:135,5
DA:137,0
DA:141,4
DA:143,4
DA:148,3
DA:152,3
DA:154,3
DA:162,2
DA:164,2
DA:174,5
DA:176,5
DA:181,4
DA:188,4
DA:197,7
DA:205,7
DA:209,7
DA:210,7
DA:211,12
DA:212,12
DA:213,12
DA:215,12
DA:223,5
DA:224,5
DA:225,5
DA:227,5
LF:37
LH:36
end_of_record
TN:
SF:src/extensions/delegatees/OwnableDelegatee.sol
FNL:0,38
FNA:0,0,OwnableDelegatee.onDelegationCallback
FNL:1,48
FNA:1,0,OwnableDelegatee.aggregate
FNF:2
FNH:0
BRDA:50,0,0,-
BRDA:50,0,1,-
BRDA:59,1,0,-
BRDA:59,1,1,-
BRF:4
BRH:0
DA:38,0
DA:39,0
DA:41,0
DA:48,0
DA:50,0
DA:52,0
DA:53,0
DA:54,0
DA:55,0
DA:56,0
DA:57,0
DA:59,0
DA:61,0
DA:64,0
LF:14
LH:0
end_of_record
TN:
SF:src/extensions/delegatees/SimpleDelegatee.sol
FNL:0,26
FNA:0,7,SimpleDelegatee.onDelegationCallback
FNL:1,33
FNA:1,7,SimpleDelegatee.aggregate
FNF:2
FNH:2
BRDA:41,0,0,-
BRDA:41,0,1,-
BRF:2
BRH:0
DA:26,7
DA:27,7
DA:29,7
DA:33,7
DA:34,7
DA:35,7
DA:36,7
DA:37,7
DA:38,13
DA:39,13
DA:41,13
DA:43,12
DA:46,13
LF:13
LH:13
end_of_record
TN:
SF:src/extensions/hooks/AddressAccountBaseWhitelist.sol
FNL:0,32
FNA:0,18,AddressAccountBaseWhitelist.onlyAuthorized
FNL:1,44
FNA:1,32,AddressAccountBaseWhitelist.constructor
FNL:2,51
FNA:2,27,AddressAccountBaseWhitelist.hasAccess
FNL:3,65
FNA:3,13,AddressAccountBaseWhitelist.setAccountWhitelist
FNL:4,77
FNA:4,14,AddressAccountBaseWhitelist.setAddressWhitelist
FNL:5,89
FNA:5,27,AddressAccountBaseWhitelist._verifyAccess
FNF:6
FNH:6
BRDA:45,0,0,-
BRDA:45,0,1,-
BRDA:78,1,0,-
BRDA:78,1,1,-
BRDA:90,2,0,27
BRDA:90,2,1,-
BRF:6
BRH:1
DA:32,18
DA:33,18
DA:44,32
DA:45,32
DA:47,32
DA:51,27
DA:52,27
DA:54,27
DA:65,13
DA:68,13
DA:70,13
DA:77,14
DA:78,14
DA:80,14
DA:82,14
DA:89,27
DA:90,27
LF:17
LH:17
end_of_record
TN:
SF:src/extensions/hooks/BaseHook.sol
FNL:0,100
FNA:0,0,BaseHook.afterLiquidate
FNL:1,103
FNA:1,6,BaseHook.beforeMigrateSupply
FNL:2,106
FNA:2,0,BaseHook.afterMigrateSupply
FNL:3,113
FNA:3,23,BaseHook._onlyOffice
FNL:4,43
FNA:4,0,BaseHook.onlyOffice
FNL:5,55
FNA:5,32,BaseHook.constructor
FNL:6,67
FNA:6,12,BaseHook.beforeSupply
FNL:7,70
FNA:7,0,BaseHook.afterSupply
FNL:8,73
FNA:8,0,BaseHook.beforeSwitchCollateral
FNL:9,76
FNA:9,0,BaseHook.afterSwitchCollateral
FNL:10,79
FNA:10,0,BaseHook.beforeWithdraw
FNL:11,82
FNA:11,0,BaseHook.afterWithdraw
FNL:12,85
FNA:12,5,BaseHook.beforeBorrow
FNL:13,88
FNA:13,0,BaseHook.afterBorrow
FNL:14,91
FNA:14,0,BaseHook.beforeRepay
FNL:15,94
FNA:15,0,BaseHook.afterRepay
FNL:16,97
FNA:16,0,BaseHook.beforeLiquidate
FNF:17
FNH:5
BRDA:56,0,0,-
BRDA:56,0,1,-
BRDA:61,1,0,-
BRDA:61,1,1,-
BRDA:114,2,0,-
BRDA:114,2,1,-
BRF:6
BRH:0
DA:43,0
DA:44,0
DA:55,32
DA:56,32
DA:58,32
DA:61,32
DA:63,31
DA:67,12
DA:70,0
DA:73,0
DA:76,0
DA:79,0
DA:82,0
DA:85,5
DA:88,0
DA:91,0
DA:94,0
DA:97,0
DA:100,0
DA:103,6
DA:106,0
DA:113,23
DA:114,23
LF:23
LH:10
end_of_record
TN:
SF:src/extensions/hooks/BorrowerWhitelist.sol
FNL:0,44
FNA:0,6,BorrowerWhitelist.constructor
FNL:1,63
FNA:1,4,BorrowerWhitelist.beforeBorrow
FNF:2
FNH:2
BRDA:52,0,0,-
BRDA:52,0,1,-
BRF:2
BRH:0
DA:44,6
DA:49,6
DA:52,6
DA:54,6
DA:63,4
DA:64,2
LF:6
LH:6
end_of_record
TN:
SF:src/extensions/hooks/SimpleAccountWhitelist.sol
FNL:0,53
FNA:0,26,SimpleAccountWhitelist.constructor
FNL:1,72
FNA:1,14,SimpleAccountWhitelist.beforeSupply
FNL:2,78
FNA:2,5,SimpleAccountWhitelist.beforeBorrow
FNL:3,85
FNA:3,6,SimpleAccountWhitelist.beforeMigrateSupply
FNF:4
FNH:4
BRDA:61,0,0,-
BRDA:61,0,1,-
BRDA:89,1,0,4
BRF:3
BRH:1
DA:53,26
DA:58,26
DA:59,26
DA:61,25
DA:63,25
DA:72,14
DA:73,12
DA:78,5
DA:79,3
DA:85,6
DA:86,6
DA:89,5
DA:90,4
LF:13
LH:13
end_of_record
TN:
SF:src/extensions/market-configs/SimpleMarketConfig.sol
FNL:0,103
FNA:0,271,SimpleMarketConfig.constructor
FNL:1,113
FNA:1,509,SimpleMarketConfig.isSupportedAsset
FNL:2,120
FNA:2,579,SimpleMarketConfig.isBorrowableAsset
FNL:3,132
FNA:3,0,SimpleMarketConfig.getAssetConfigs
FNL:4,144
FNA:4,45,SimpleMarketConfig.canTransferShares
FNL:5,161
FNA:5,3,SimpleMarketConfig.setPerformanceFee
FNL:6,174
FNA:6,268,SimpleMarketConfig.addSupportedAssets
FNL:7,186
FNA:7,1,SimpleMarketConfig.removeSupportedAssets
FNL:8,197
FNA:8,0,SimpleMarketConfig.setFeeRecipient
FNL:9,209
FNA:9,0,SimpleMarketConfig.setIRM
FNL:10,221
FNA:10,0,SimpleMarketConfig.setHooks
FNL:11,233
FNA:11,0,SimpleMarketConfig.setWeights
FNL:12,245
FNA:12,0,SimpleMarketConfig.setOracleModule
FNL:13,258
FNA:13,0,SimpleMarketConfig.setLiquidationBonusPercentage
FNL:14,271
FNA:14,1,SimpleMarketConfig.setMinMarginAmountUSD
FNL:15,283
FNA:15,271,SimpleMarketConfig._setMarketParams
FNF:16
FNH:9
BRDA:164,0,0,-
BRDA:164,0,1,-
BRDA:200,1,0,-
BRDA:200,1,1,-
BRDA:212,2,0,-
BRDA:212,2,1,-
BRDA:224,3,0,-
BRDA:224,3,1,-
BRDA:236,4,0,-
BRDA:236,4,1,-
BRDA:248,5,0,-
BRDA:248,5,1,-
BRDA:261,6,0,-
BRDA:261,6,1,-
BRDA:284,7,0,268
BRDA:284,7,1,-
BRF:16
BRH:1
DA:103,271
DA:105,271
DA:113,509
DA:116,509
DA:120,579
DA:124,579
DA:126,579
DA:132,0
DA:133,0
DA:134,0
DA:136,0
DA:137,0
DA:138,0
DA:144,45
DA:151,45
DA:161,3
DA:162,3
DA:164,3
DA:166,3
DA:168,3
DA:174,268
DA:175,268
DA:177,535
DA:180,268
DA:186,1
DA:187,1
DA:188,1
DA:191,1
DA:197,0
DA:198,0
DA:200,0
DA:202,0
DA:204,0
DA:209,0
DA:210,0
DA:212,0
DA:214,0
DA:216,0
DA:221,0
DA:222,0
DA:224,0
DA:226,0
DA:228,0
DA:233,0
DA:234,0
DA:236,0
DA:238,0
DA:240,0
DA:245,0
DA:246,0
DA:248,0
DA:250,0
DA:252,0
DA:258,0
DA:259,0
DA:261,0
DA:263,0
DA:265,0
DA:271,1
DA:272,1
DA:274,1
DA:276,1
DA:283,271
DA:284,271
DA:291,268
DA:292,268
DA:293,268
DA:294,268
DA:295,268
DA:296,268
DA:297,268
DA:298,268
DA:300,271
LF:73
LH:37
end_of_record
TN:
SF:src/extensions/market-configs/WhitelistedTransfersMarketConfig.sol
FNL:0,22
FNA:0,0,WhitelistedTransfersMarketConfig.canTransferShares
FNF:1
FNH:0
DA:22,0
DA:33,0
LF:2
LH:0
end_of_record
TN:
SF:src/extensions/oracles/BaseOracleModule.sol
FNL:0,18
FNA:0,9,BaseOracleModule.getQuote
FNL:1,30
FNA:1,9,BaseOracleModule._getDecimals
FNF:2
FNH:2
BRDA:31,0,0,-
BRF:1
BRH:0
DA:18,9
DA:19,9
DA:30,9
DA:31,9
DA:32,0
DA:34,9
DA:35,9
LF:7
LH:6
end_of_record
TN:
SF:src/extensions/oracles/dHEDGEPoolPriceAggregator.sol
FNL:0,131
FNA:0,9,dHEDGEPoolPriceAggregator.setOracle
FNL:1,61
FNA:1,9,dHEDGEPoolPriceAggregator.constructor
FNL:2,71
FNA:2,9,dHEDGEPoolPriceAggregator._getQuote
FNL:3,92
FNA:3,13,dHEDGEPoolPriceAggregator._getPrice
FNF:4
FNH:4
BRDA:62,0,0,9
BRDA:62,0,1,-
BRDA:82,1,0,1
BRDA:94,2,0,5
BRDA:100,3,0,4
BRDA:100,3,1,2
BRDA:104,4,0,-
BRDA:104,4,1,-
BRDA:107,5,0,-
BRDA:107,5,1,-
BRDA:111,6,0,2
BRDA:111,6,1,2
BRDA:132,7,0,-
BRDA:132,7,1,-
BRDA:133,8,0,9
BRDA:133,8,1,-
BRDA:136,9,0,-
BRF:17
BRH:8
DA:61,9
DA:62,9
DA:64,9
DA:71,9
DA:82,9
DA:83,1
DA:86,8
DA:87,8
DA:89,8
DA:92,13
DA:94,13
DA:95,5
DA:99,8
DA:100,8
DA:102,4
DA:104,4
DA:106,4
DA:107,4
DA:109,4
DA:110,4
DA:111,4
DA:113,2
DA:114,2
DA:116,2
DA:131,9
DA:132,9
DA:133,9
DA:136,9
DA:138,0
DA:141,9
DA:142,9
DA:144,9
LF:32
LH:31
end_of_record
TN:
SF:src/extensions/weights/SimpleWeights.sol
FNL:0,50
FNA:0,0,SimpleWeights.getWeight
FNL:1,83
FNA:1,0,SimpleWeights.setWeight
FNF:2
FNH:0
BRDA:60,0,0,-
BRDA:66,1,0,-
BRDA:84,2,0,-
BRDA:84,2,1,-
BRF:4
BRH:0
DA:50,0
DA:60,0
DA:61,0
DA:64,0
DA:66,0
DA:67,0
DA:83,0
DA:84,0
DA:86,0
LF:9
LH:0
end_of_record
TN:
SF:src/libraries/HooksCallHelpers.sol
FNL:0,25
FNA:0,1375,HooksCallHelpers.callHook
FNL:1,37
FNA:1,1403,HooksCallHelpers.hasPermission
FNF:2
FNH:2
BRDA:26,0,0,76
BRDA:29,1,0,-
BRDA:29,1,1,-
BRF:3
BRH:1
DA:25,1375
DA:26,1375
DA:27,76
DA:29,76
DA:37,1403
DA:38,1403
LF:6
LH:6
end_of_record
TN:
SF:src/libraries/SharesMathLib.sol
FNL:0,29
FNA:0,344,SharesMathLib.toSharesDown
FNL:1,42
FNA:1,213,SharesMathLib.toAssetsDown
FNL:2,55
FNA:2,131,SharesMathLib.toSharesUp
FNL:3,68
FNA:3,180,SharesMathLib.toAssetsUp
FNF:4
FNH:4
DA:29,344
DA:38,344
DA:42,213
DA:51,213
DA:55,131
DA:64,131
DA:68,180
DA:77,180
LF:8
LH:8
end_of_record
TN:
SF:src/libraries/TokenHelpers.sol
FNL:0,26
FNA:0,4334,TokenHelpers.getTokenType
FNL:1,44
FNA:1,970,TokenHelpers.getMarketId
FNL:2,52
FNA:2,146,TokenHelpers.getAsset
FNL:3,61
FNA:3,1902,TokenHelpers.getReserveKey
FNL:4,69
FNA:4,1533,TokenHelpers.isCollateral
FNL:5,78
FNA:5,6,TokenHelpers.isDebt
FNF:6
FNH:6
BRDA:31,0,0,428
BRDA:31,0,1,-
BRDA:33,1,0,3906
BRDA:33,1,1,-
BRF:4
BRH:2
DA:26,4334
DA:27,4334
DA:28,4334
DA:29,4334
DA:31,4334
DA:32,428
DA:33,3906
DA:35,3906
DA:37,0
DA:44,970
DA:45,970
DA:52,146
DA:53,146
DA:61,1902
DA:62,1902
DA:69,1533
DA:70,1533
DA:72,1533
DA:78,6
DA:79,6
DA:81,6
LF:21
LH:20
end_of_record
TN:
SF:src/libraries/Utils.sol
FNL:0,15
FNA:0,488,Utils.someOrMaxAssets
FNL:1,20
FNA:1,79,Utils.someOrMaxShares
FNL:2,33
FNA:2,109,Utils.exactlyOneZero
FNF:3
FNH:3
DA:15,488
DA:16,488
DA:20,79
DA:29,79
DA:33,109
DA:35,0
LF:6
LH:5
end_of_record
TN:
SF:src/periphery/DYTMPeriphery.sol
FNL:0,142
FNA:0,8,DYTMPeriphery.constructor
FNL:1,156
FNA:1,1,DYTMPeriphery.getAccountPosition
FNL:2,189
FNA:2,1,DYTMPeriphery.getAccountDebtValueUSD
FNL:3,202
FNA:3,2,DYTMPeriphery.getAccountCollateralValueUSD
FNL:4,230
FNA:4,1,DYTMPeriphery.getReserveInfo
FNL:5,278
FNA:5,5,DYTMPeriphery.sharesToAssets
FNL:6,292
FNA:6,1,DYTMPeriphery.assetsToShares
FNL:7,305
FNA:7,4,DYTMPeriphery.getExchangeRate
FNL:8,317
FNA:8,2,DYTMPeriphery._getDebtInfo
FNL:9,343
FNA:9,3,DYTMPeriphery._getCollateralInfo
FNL:10,389
FNA:10,3,DYTMPeriphery._sharesToAssetsDebt
FNL:11,402
FNA:11,0,DYTMPeriphery._assetsToSharesDebt
FNL:12,415
FNA:12,10,DYTMPeriphery._sharesToAssetsCollateral
FNL:13,435
FNA:13,1,DYTMPeriphery._assetsToSharesCollateral
FNL:14,455
FNA:14,3,DYTMPeriphery._getTotalCollateralAndWeightedValueUSD
FNF:15
FNH:14
BRDA:143,0,0,-
BRDA:143,0,1,-
BRDA:178,1,0,1
BRDA:178,1,1,-
BRDA:259,2,0,1
BRDA:279,3,0,1
BRDA:279,3,1,-
BRDA:281,4,0,4
BRDA:281,4,1,-
BRDA:293,5,0,-
BRDA:293,5,1,-
BRDA:295,6,0,1
BRDA:295,6,1,-
BRDA:326,7,0,-
BRDA:334,8,0,2
BRDA:366,9,0,6
BRDA:372,10,0,6
BRDA:372,10,1,-
BRDA:421,11,0,4
BRDA:421,11,1,-
BRDA:441,12,0,-
BRDA:441,12,1,-
BRF:22
BRH:9
DA:142,8
DA:143,8
DA:145,8
DA:156,1
DA:157,1
DA:158,1
DA:159,1
DA:162,1
DA:165,1
DA:173,1
DA:177,1
DA:178,1
DA:179,1
DA:181,0
DA:189,1
DA:190,1
DA:191,1
DA:193,1
DA:194,1
DA:202,2
DA:209,2
DA:210,2
DA:211,2
DA:213,2
DA:214,2
DA:216,2
DA:220,2
DA:230,1
DA:231,1
DA:233,1
DA:236,1
DA:239,1
DA:240,1
DA:241,1
DA:242,1
DA:245,1
DA:246,1
DA:249,1
DA:250,1
DA:251,1
DA:252,1
DA:255,1
DA:256,1
DA:259,1
DA:260,1
DA:263,1
DA:266,1
DA:278,5
DA:279,5
DA:280,1
DA:281,4
DA:282,4
DA:284,0
DA:292,1
DA:293,1
DA:294,0
DA:295,1
DA:296,1
DA:298,0
DA:305,4
DA:306,4
DA:307,4
DA:309,4
DA:317,2
DA:325,2
DA:326,2
DA:327,0
DA:330,2
DA:331,2
DA:332,2
DA:334,2
DA:335,2
DA:336,2
DA:343,3
DA:353,3
DA:354,3
DA:356,3
DA:357,6
DA:358,6
DA:360,6
DA:361,6
DA:362,6
DA:363,6
DA:364,6
DA:366,6
DA:367,6
DA:368,6
DA:372,6
DA:373,6
DA:374,6
DA:376,6
DA:377,6
DA:379,0
DA:380,0
DA:384,6
DA:389,3
DA:390,3
DA:393,3
DA:395,3
DA:396,3
DA:398,3
DA:402,0
DA:403,0
DA:406,0
DA:408,0
DA:409,0
DA:411,0
DA:415,10
DA:416,10
DA:419,10
DA:421,10
DA:425,4
DA:427,6
DA:428,6
DA:430,6
DA:435,1
DA:436,1
DA:439,1
DA:441,1
DA:445,0
DA:447,1
DA:448,1
DA:450,1
DA:455,3
DA:460,3
DA:461,6
DA:462,6
LF:127
LH:113
end_of_record
TN:
SF:src/periphery/OfficeERC6909ToERC20Wrapper.sol
FNL:0,103
FNA:0,3,OfficeERC6909ToERC20Wrapper.wrap
FNL:1,121
FNA:1,2,OfficeERC6909ToERC20Wrapper.unwrap
FNL:2,58
FNA:2,8,OfficeERC6909ToERC20Wrapper.constructor
FNL:3,71
FNA:3,7,OfficeERC6909ToERC20Wrapper.register
FNF:4
FNH:4
BRDA:59,0,0,-
BRDA:59,0,1,-
BRDA:82,1,0,7
BRDA:82,1,1,-
BRDA:87,2,0,-
BRDA:87,2,1,-
BRDA:91,3,0,-
BRDA:91,3,1,-
BRDA:106,4,0,3
BRDA:106,4,1,-
BRDA:126,5,0,1
BRDA:126,5,1,-
BRF:12
BRH:3
DA:58,8
DA:59,8
DA:61,8
DA:71,7
DA:80,7
DA:82,7
DA:87,5
DA:89,4
DA:91,4
DA:93,4
DA:95,4
DA:103,3
DA:104,3
DA:106,3
DA:111,3
DA:113,2
DA:121,2
DA:122,2
DA:124,2
DA:126,1
DA:131,1
LF:21
LH:21
end_of_record
TN:
SF:src/periphery/WrappedERC6909ERC20.sol
FNL:0,30
FNA:0,2,WrappedERC6909ERC20.onlySource
FNL:1,39
FNA:1,4,WrappedERC6909ERC20.constructor
FNL:2,47
FNA:2,2,WrappedERC6909ERC20.mint
FNL:3,55
FNA:3,1,WrappedERC6909ERC20.burn
FNL:4,61
FNA:4,0,WrappedERC6909ERC20.decimals
FNF:5
FNH:4
BRDA:31,0,0,-
BRDA:31,0,1,-
BRF:2
BRH:0
DA:30,2
DA:31,2
DA:39,4
DA:40,4
DA:47,2
DA:48,2
DA:55,1
DA:56,1
DA:61,0
DA:62,0
LF:10
LH:8
end_of_record
TN:
SF:src/types/AccountId.sol
FNL:0,105
FNA:0,1454,AccountIdLibrary.isUserAccount
FNL:1,115
FNA:1,27,AccountIdLibrary.isIsolatedAccount
FNL:2,123
FNA:2,1481,AccountIdLibrary.getAccountType
FNL:3,49
FNA:3,519,AccountIdLibrary.toUserAccount
FNL:4,61
FNA:4,142,AccountIdLibrary.toTokenId
FNL:5,77
FNA:5,150,AccountIdLibrary.toIsolatedAccount
FNL:6,92
FNA:6,520,AccountIdLibrary.toUserAddress
FNF:7
FNH:7
BRDA:50,0,0,-
BRDA:50,0,1,-
BRDA:62,1,0,142
BRDA:62,1,1,142
BRDA:78,2,0,-
BRDA:94,3,0,-
BRDA:94,3,1,-
BRDA:127,4,0,575
BRDA:127,4,1,-
BRDA:129,5,0,906
BRDA:129,5,1,-
BRF:11
BRH:4
DA:49,519
DA:50,519
DA:52,519
DA:53,519
DA:61,142
DA:62,142
DA:68,142
DA:77,150
DA:78,150
DA:79,0
DA:83,150
DA:84,150
DA:92,520
DA:94,520
DA:96,520
DA:105,1454
DA:106,1454
DA:115,27
DA:116,27
DA:123,1481
DA:124,1481
DA:125,1481
DA:127,1481
DA:128,575
DA:129,906
DA:130,906
DA:132,0
LF:27
LH:25
end_of_record
TN:
SF:src/types/MarketId.sol
FNL:0,27
FNA:0,312,MarketIdLibrary.toMarketId
FNF:1
FNH:1
BRDA:28,0,0,-
BRDA:28,0,1,-
BRF:2
BRH:0
DA:27,312
DA:28,312
DA:30,312
LF:3
LH:3
end_of_record
TN:
SF:src/types/ReserveKey.sol
FNL:0,36
FNA:0,1508,ReserveKeyLibrary.toReserveKey
FNL:1,48
FNA:1,568,ReserveKeyLibrary.toEscrowId
FNL:2,53
FNA:2,808,ReserveKeyLibrary.toLentId
FNL:3,58
FNA:3,177,ReserveKeyLibrary.toDebtId
FNL:4,65
FNA:4,1540,ReserveKeyLibrary.getAsset
FNL:5,72
FNA:5,1150,ReserveKeyLibrary.getMarketId
FNL:6,80
FNA:6,0,ReserveKeyLibrary.validateReserveKey
FNF:7
FNH:6
BRDA:39,0,0,-
BRDA:39,0,1,-
BRDA:81,1,0,-
BRDA:81,1,1,-
BRF:4
BRH:0
DA:36,1508
DA:37,1508
DA:39,1508
DA:41,1508
DA:42,1508
DA:44,1508
DA:48,568
DA:49,568
DA:53,808
DA:54,808
DA:58,177
DA:59,177
DA:65,1540
DA:66,1540
DA:72,1150
DA:73,1150
DA:75,1150
DA:80,0
DA:81,0
LF:19
LH:17
end_of_record
